=== MAP ===
-- ZONE 1 --
0 0 0 -1 0 0 0 0 0 -1 0 0 0 0 0 
0 0 0 0 0 0 0 0 0 0 0 -1 0 0 63 
0 -1 92 1 0 0 0 0 -1 0 -1 78 0 0 -1 
-1 0 0 -1 0 0 0 0 0 0 0 0 0 0 0 
0 0 0 0 -1 0 -1 0 0 0 0 -1 0 0 0 
0 0 -1 0 0 3 0 84 -1 0 0 0 0 -2 0 
0 0 0 0 0 0 0 0 0 0 0 0 0 -1 -1 
0 -1 0 0 0 0 3 0 0 0 28 -1 0 0 0 
0 0 0 0 61 0 0 0 5 0 0 0 0 0 0 
0 0 0 0 0 0 0 0 0 62 0 85 0 0 5 
0 0 0 0 2 4 0 0 0 0 -1 0 0 0 0 
3 0 40 0 0 0 5 0 4 0 0 0 0 0 0 
0 0 -1 0 0 0 0 0 0 0 0 0 0 0 0 
0 -1 -1 0 0 0 0 0 0 0 0 0 0 4 0 
0 3 58 0 0 -1 0 0 0 0 0 0 3 0 0 
-- ZONE 2 --
0 0 0 0 0 0 -1 -1 0 0 0 0 0 0 0 
0 0 0 6 0 0 0 0 7 0 0 -2 0 0 0 
0 8 8 0 0 0 0 0 -1 0 7 0 35 0 6 
0 77 0 0 -1 0 0 0 0 0 0 -1 0 97 0 
0 -1 8 0 0 0 7 -1 0 0 0 0 6 0 6 
0 0 0 0 21 0 0 0 0 0 -1 0 0 0 0 
0 0 0 -1 7 0 0 0 0 0 0 0 0 0 0 
0 2 0 0 0 0 0 0 0 0 0 -1 0 0 0 
0 -1 0 0 -1 0 0 0 0 0 0 0 0 0 0 
-3 0 -1 0 0 0 0 0 1 0 0 0 0 -1 0 
0 0 0 0 0 -1 0 0 0 0 0 0 0 -1 0 
0 0 0 72 -1 -1 0 0 -1 0 0 14 0 0 0 
0 0 6 0 0 0 12 0 0 -1 0 0 0 0 0 
0 0 -1 6 0 0 86 0 0 0 0 -1 0 81 0 
0 0 14 -1 0 0 0 -1 0 7 0 0 0 0 0 
-- ZONE 3 --
9 -1 0 -1 0 0 0 0 0 -1 0 0 0 -1 0 
11 0 0 0 0 0 0 2 0 0 0 10 0 0 0 
0 0 0 0 10 0 54 -1 90 0 0 0 0 0 0 
0 0 0 0 0 0 0 -1 19 0 0 0 0 9 79 
0 -1 0 -1 0 0 9 0 0 0 0 0 -1 -1 0 
0 0 0 10 0 0 0 0 0 0 0 0 11 0 0 
0 83 0 10 0 0 0 0 0 0 10 0 0 0 0 
0 0 0 0 0 -1 0 0 0 0 0 11 -1 0 0 
0 0 0 0 0 0 0 -1 -3 0 0 0 0 -1 0 
0 -1 82 0 0 0 0 0 0 0 0 0 -1 0 0 
0 0 0 -1 0 0 0 0 0 0 0 0 0 0 0 
0 0 0 0 -1 0 0 0 0 0 0 0 0 0 -1 
0 0 0 0 0 0 0 0 23 0 0 0 0 1 9 
23 40 -1 0 -1 0 9 0 0 0 35 0 -1 0 0 
0 11 -1 0 0 0 0 0 35 0 53 0 9 0 40 
